29 июн. 2024 - 12:41:04.918 [main] INFO  o.company.youtube.YoutubeApplication - Starting YoutubeApplication using Java 21.0.3 with PID 10772 (C:\Users\MSI\Desktop\Youtube\youtube\target\classes started by MSI in C:\Users\MSI\Desktop\Youtube\youtube)
29 июн. 2024 - 12:41:04.950 [main] INFO  o.company.youtube.YoutubeApplication - The following 1 profile is active: "local"
29 июн. 2024 - 12:41:05.790 [main] INFO  o.s.d.r.c.RepositoryConfigurationDelegate - Bootstrapping Spring Data JPA repositories in DEFAULT mode.
29 июн. 2024 - 12:41:05.853 [main] INFO  o.s.d.r.c.RepositoryConfigurationDelegate - Finished Spring Data repository scanning in 56 ms. Found 3 JPA repository interfaces.
29 июн. 2024 - 12:41:06.310 [main] INFO  o.s.b.w.e.tomcat.TomcatWebServer - Tomcat initialized with port 8080 (http)
29 июн. 2024 - 12:41:06.322 [main] INFO  o.a.catalina.core.StandardService - Starting service [Tomcat]
29 июн. 2024 - 12:41:06.323 [main] INFO  o.a.catalina.core.StandardEngine - Starting Servlet engine: [Apache Tomcat/10.1.25]
29 июн. 2024 - 12:41:06.384 [main] INFO  o.a.c.c.C.[Tomcat].[localhost].[/] - Initializing Spring embedded WebApplicationContext
29 июн. 2024 - 12:41:06.385 [main] INFO  o.s.b.w.s.c.ServletWebServerApplicationContext - Root WebApplicationContext: initialization completed in 1384 ms
29 июн. 2024 - 12:41:06.498 [main] INFO  o.h.jpa.internal.util.LogHelper - HHH000204: Processing PersistenceUnitInfo [name: default]
29 июн. 2024 - 12:41:06.571 [main] INFO  org.hibernate.Version - HHH000412: Hibernate ORM core version 6.5.2.Final
29 июн. 2024 - 12:41:06.606 [main] INFO  o.h.c.i.RegionFactoryInitiator - HHH000026: Second-level cache disabled
29 июн. 2024 - 12:41:06.888 [main] INFO  o.s.o.j.p.SpringPersistenceUnitInfo - No LoadTimeWeaver setup: ignoring JPA class transformer
29 июн. 2024 - 12:41:06.916 [main] INFO  com.zaxxer.hikari.HikariDataSource - HikariPool-1 - Starting...
29 июн. 2024 - 12:41:07.081 [main] INFO  com.zaxxer.hikari.pool.HikariPool - HikariPool-1 - Added connection org.postgresql.jdbc.PgConnection@3041beb3
29 июн. 2024 - 12:41:07.082 [main] INFO  com.zaxxer.hikari.HikariDataSource - HikariPool-1 - Start completed.
29 июн. 2024 - 12:41:08.237 [main] INFO  o.h.e.t.j.p.i.JtaPlatformInitiator - HHH000489: No JTA platform available (set 'hibernate.transaction.jta.platform' to enable JTA platform integration)
29 июн. 2024 - 12:41:08.419 [main] INFO  o.s.o.j.LocalContainerEntityManagerFactoryBean - Initialized JPA EntityManagerFactory for persistence unit 'default'
29 июн. 2024 - 12:41:08.688 [main] INFO  o.s.d.j.r.query.QueryEnhancerFactory - Hibernate is in classpath; If applicable, HQL parser will be used.
29 июн. 2024 - 12:41:09.519 [main] WARN  o.s.b.a.o.j.JpaBaseConfiguration$JpaWebConfiguration - spring.jpa.open-in-view is enabled by default. Therefore, database queries may be performed during view rendering. Explicitly configure spring.jpa.open-in-view to disable this warning
29 июн. 2024 - 12:41:09.559 [main] INFO  o.s.s.c.a.a.c.InitializeAuthenticationProviderBeanManagerConfigurer$InitializeAuthenticationProviderManagerConfigurer - Global AuthenticationManager configured with AuthenticationProvider bean with name authenticationProvider
29 июн. 2024 - 12:41:09.560 [main] WARN  o.s.s.c.a.a.c.InitializeUserDetailsBeanManagerConfigurer$InitializeUserDetailsManagerConfigurer - Global AuthenticationManager configured with an AuthenticationProvider bean. UserDetailsService beans will not be used for username/password login. Consider removing the AuthenticationProvider bean. Alternatively, consider using the UserDetailsService in a manually instantiated DaoAuthenticationProvider.
29 июн. 2024 - 12:41:10.486 [main] INFO  o.s.b.w.e.tomcat.TomcatWebServer - Tomcat started on port 8080 (http) with context path '/'
29 июн. 2024 - 12:41:10.498 [main] INFO  o.company.youtube.YoutubeApplication - Started YoutubeApplication in 6.004 seconds (process running for 6.875)
29 июн. 2024 - 12:42:42.501 [http-nio-8080-exec-1] INFO  o.a.c.c.C.[Tomcat].[localhost].[/] - Initializing Spring DispatcherServlet 'dispatcherServlet'
29 июн. 2024 - 12:42:42.502 [http-nio-8080-exec-1] INFO  o.s.web.servlet.DispatcherServlet - Initializing Servlet 'dispatcherServlet'
29 июн. 2024 - 12:42:42.504 [http-nio-8080-exec-1] INFO  o.s.web.servlet.DispatcherServlet - Completed initialization in 2 ms
29 июн. 2024 - 12:42:43.687 [http-nio-8080-exec-7] INFO  o.s.api.AbstractOpenApiResource - Init duration for springdoc-openapi is: 610 ms
29 июн. 2024 - 12:50:22.118 [SpringApplicationShutdownHook] INFO  o.s.o.j.LocalContainerEntityManagerFactoryBean - Closing JPA EntityManagerFactory for persistence unit 'default'
29 июн. 2024 - 12:50:22.127 [SpringApplicationShutdownHook] INFO  com.zaxxer.hikari.HikariDataSource - HikariPool-1 - Shutdown initiated...
29 июн. 2024 - 12:50:22.132 [SpringApplicationShutdownHook] INFO  com.zaxxer.hikari.HikariDataSource - HikariPool-1 - Shutdown completed.
29 июн. 2024 - 12:51:04.443 [main] INFO  o.company.youtube.YoutubeApplication - Starting YoutubeApplication using Java 21.0.3 with PID 13996 (C:\Users\MSI\Desktop\Youtube\youtube\target\classes started by MSI in C:\Users\MSI\Desktop\Youtube\youtube)
29 июн. 2024 - 12:51:04.455 [main] INFO  o.company.youtube.YoutubeApplication - The following 1 profile is active: "local"
29 июн. 2024 - 12:51:05.205 [main] INFO  o.s.d.r.c.RepositoryConfigurationDelegate - Bootstrapping Spring Data JPA repositories in DEFAULT mode.
29 июн. 2024 - 12:51:05.249 [main] INFO  o.s.d.r.c.RepositoryConfigurationDelegate - Finished Spring Data repository scanning in 38 ms. Found 3 JPA repository interfaces.
29 июн. 2024 - 12:51:05.654 [main] INFO  o.s.b.w.e.tomcat.TomcatWebServer - Tomcat initialized with port 8080 (http)
29 июн. 2024 - 12:51:05.663 [main] INFO  o.a.catalina.core.StandardService - Starting service [Tomcat]
29 июн. 2024 - 12:51:05.663 [main] INFO  o.a.catalina.core.StandardEngine - Starting Servlet engine: [Apache Tomcat/10.1.25]
29 июн. 2024 - 12:51:05.717 [main] INFO  o.a.c.c.C.[Tomcat].[localhost].[/] - Initializing Spring embedded WebApplicationContext
29 июн. 2024 - 12:51:05.717 [main] INFO  o.s.b.w.s.c.ServletWebServerApplicationContext - Root WebApplicationContext: initialization completed in 1220 ms
29 июн. 2024 - 12:51:05.800 [main] INFO  o.h.jpa.internal.util.LogHelper - HHH000204: Processing PersistenceUnitInfo [name: default]
29 июн. 2024 - 12:51:05.860 [main] INFO  org.hibernate.Version - HHH000412: Hibernate ORM core version 6.5.2.Final
29 июн. 2024 - 12:51:05.906 [main] INFO  o.h.c.i.RegionFactoryInitiator - HHH000026: Second-level cache disabled
29 июн. 2024 - 12:51:06.186 [main] INFO  o.s.o.j.p.SpringPersistenceUnitInfo - No LoadTimeWeaver setup: ignoring JPA class transformer
29 июн. 2024 - 12:51:06.209 [main] INFO  com.zaxxer.hikari.HikariDataSource - HikariPool-1 - Starting...
29 июн. 2024 - 12:51:06.340 [main] INFO  com.zaxxer.hikari.pool.HikariPool - HikariPool-1 - Added connection org.postgresql.jdbc.PgConnection@7db162f2
29 июн. 2024 - 12:51:06.341 [main] INFO  com.zaxxer.hikari.HikariDataSource - HikariPool-1 - Start completed.
29 июн. 2024 - 12:51:07.204 [main] INFO  o.h.e.t.j.p.i.JtaPlatformInitiator - HHH000489: No JTA platform available (set 'hibernate.transaction.jta.platform' to enable JTA platform integration)
29 июн. 2024 - 12:51:07.273 [main] INFO  o.s.o.j.LocalContainerEntityManagerFactoryBean - Initialized JPA EntityManagerFactory for persistence unit 'default'
29 июн. 2024 - 12:51:07.435 [main] INFO  o.s.d.j.r.query.QueryEnhancerFactory - Hibernate is in classpath; If applicable, HQL parser will be used.
29 июн. 2024 - 12:51:08.147 [main] WARN  o.s.b.a.o.j.JpaBaseConfiguration$JpaWebConfiguration - spring.jpa.open-in-view is enabled by default. Therefore, database queries may be performed during view rendering. Explicitly configure spring.jpa.open-in-view to disable this warning
29 июн. 2024 - 12:51:08.177 [main] INFO  o.s.s.c.a.a.c.InitializeAuthenticationProviderBeanManagerConfigurer$InitializeAuthenticationProviderManagerConfigurer - Global AuthenticationManager configured with AuthenticationProvider bean with name authenticationProvider
29 июн. 2024 - 12:51:08.178 [main] WARN  o.s.s.c.a.a.c.InitializeUserDetailsBeanManagerConfigurer$InitializeUserDetailsManagerConfigurer - Global AuthenticationManager configured with an AuthenticationProvider bean. UserDetailsService beans will not be used for username/password login. Consider removing the AuthenticationProvider bean. Alternatively, consider using the UserDetailsService in a manually instantiated DaoAuthenticationProvider.
29 июн. 2024 - 12:51:08.700 [main] INFO  o.s.b.w.e.tomcat.TomcatWebServer - Tomcat started on port 8080 (http) with context path '/'
29 июн. 2024 - 12:51:08.707 [main] INFO  o.company.youtube.YoutubeApplication - Started YoutubeApplication in 4.622 seconds (process running for 5.229)
29 июн. 2024 - 12:51:27.817 [http-nio-8080-exec-1] INFO  o.a.c.c.C.[Tomcat].[localhost].[/] - Initializing Spring DispatcherServlet 'dispatcherServlet'
29 июн. 2024 - 12:51:27.817 [http-nio-8080-exec-1] INFO  o.s.web.servlet.DispatcherServlet - Initializing Servlet 'dispatcherServlet'
29 июн. 2024 - 12:51:27.818 [http-nio-8080-exec-1] INFO  o.s.web.servlet.DispatcherServlet - Completed initialization in 0 ms
29 июн. 2024 - 12:51:28.455 [http-nio-8080-exec-9] INFO  o.s.api.AbstractOpenApiResource - Init duration for springdoc-openapi is: 325 ms
29 июн. 2024 - 12:54:11.900 [SpringApplicationShutdownHook] INFO  o.s.o.j.LocalContainerEntityManagerFactoryBean - Closing JPA EntityManagerFactory for persistence unit 'default'
29 июн. 2024 - 12:54:11.903 [SpringApplicationShutdownHook] INFO  com.zaxxer.hikari.HikariDataSource - HikariPool-1 - Shutdown initiated...
29 июн. 2024 - 12:54:11.905 [SpringApplicationShutdownHook] INFO  com.zaxxer.hikari.HikariDataSource - HikariPool-1 - Shutdown completed.
29 июн. 2024 - 12:58:35.053 [main] INFO  o.company.youtube.YoutubeApplication - Starting YoutubeApplication using Java 21.0.3 with PID 14832 (C:\Users\MSI\Desktop\Youtube\youtube\target\classes started by MSI in C:\Users\MSI\Desktop\Youtube\youtube)
29 июн. 2024 - 12:58:35.067 [main] INFO  o.company.youtube.YoutubeApplication - The following 1 profile is active: "local"
29 июн. 2024 - 12:58:35.997 [main] INFO  o.s.d.r.c.RepositoryConfigurationDelegate - Bootstrapping Spring Data JPA repositories in DEFAULT mode.
29 июн. 2024 - 12:58:36.065 [main] INFO  o.s.d.r.c.RepositoryConfigurationDelegate - Finished Spring Data repository scanning in 60 ms. Found 3 JPA repository interfaces.
29 июн. 2024 - 12:58:36.648 [main] INFO  o.s.b.w.e.tomcat.TomcatWebServer - Tomcat initialized with port 8080 (http)
29 июн. 2024 - 12:58:36.662 [main] INFO  o.a.catalina.core.StandardService - Starting service [Tomcat]
29 июн. 2024 - 12:58:36.663 [main] INFO  o.a.catalina.core.StandardEngine - Starting Servlet engine: [Apache Tomcat/10.1.25]
29 июн. 2024 - 12:58:36.752 [main] INFO  o.a.c.c.C.[Tomcat].[localhost].[/] - Initializing Spring embedded WebApplicationContext
29 июн. 2024 - 12:58:36.753 [main] INFO  o.s.b.w.s.c.ServletWebServerApplicationContext - Root WebApplicationContext: initialization completed in 1620 ms
29 июн. 2024 - 12:58:36.926 [main] INFO  o.h.jpa.internal.util.LogHelper - HHH000204: Processing PersistenceUnitInfo [name: default]
29 июн. 2024 - 12:58:37.030 [main] INFO  org.hibernate.Version - HHH000412: Hibernate ORM core version 6.5.2.Final
29 июн. 2024 - 12:58:37.075 [main] INFO  o.h.c.i.RegionFactoryInitiator - HHH000026: Second-level cache disabled
29 июн. 2024 - 12:58:37.388 [main] INFO  o.s.o.j.p.SpringPersistenceUnitInfo - No LoadTimeWeaver setup: ignoring JPA class transformer
29 июн. 2024 - 12:58:37.416 [main] INFO  com.zaxxer.hikari.HikariDataSource - HikariPool-1 - Starting...
29 июн. 2024 - 12:58:37.704 [main] INFO  com.zaxxer.hikari.pool.HikariPool - HikariPool-1 - Added connection org.postgresql.jdbc.PgConnection@63814bbe
29 июн. 2024 - 12:58:37.705 [main] INFO  com.zaxxer.hikari.HikariDataSource - HikariPool-1 - Start completed.
29 июн. 2024 - 12:58:39.139 [main] INFO  o.h.e.t.j.p.i.JtaPlatformInitiator - HHH000489: No JTA platform available (set 'hibernate.transaction.jta.platform' to enable JTA platform integration)
29 июн. 2024 - 12:58:39.247 [main] INFO  o.s.o.j.LocalContainerEntityManagerFactoryBean - Initialized JPA EntityManagerFactory for persistence unit 'default'
29 июн. 2024 - 12:58:39.454 [main] INFO  o.s.d.j.r.query.QueryEnhancerFactory - Hibernate is in classpath; If applicable, HQL parser will be used.
29 июн. 2024 - 12:58:40.160 [main] WARN  o.s.b.a.o.j.JpaBaseConfiguration$JpaWebConfiguration - spring.jpa.open-in-view is enabled by default. Therefore, database queries may be performed during view rendering. Explicitly configure spring.jpa.open-in-view to disable this warning
29 июн. 2024 - 12:58:40.189 [main] INFO  o.s.s.c.a.a.c.InitializeAuthenticationProviderBeanManagerConfigurer$InitializeAuthenticationProviderManagerConfigurer - Global AuthenticationManager configured with AuthenticationProvider bean with name authenticationProvider
29 июн. 2024 - 12:58:40.189 [main] WARN  o.s.s.c.a.a.c.InitializeUserDetailsBeanManagerConfigurer$InitializeUserDetailsManagerConfigurer - Global AuthenticationManager configured with an AuthenticationProvider bean. UserDetailsService beans will not be used for username/password login. Consider removing the AuthenticationProvider bean. Alternatively, consider using the UserDetailsService in a manually instantiated DaoAuthenticationProvider.
29 июн. 2024 - 12:58:40.882 [main] INFO  o.s.b.w.e.tomcat.TomcatWebServer - Tomcat started on port 8080 (http) with context path '/'
29 июн. 2024 - 12:58:40.890 [main] INFO  o.company.youtube.YoutubeApplication - Started YoutubeApplication in 6.462 seconds (process running for 7.384)
29 июн. 2024 - 12:58:45.214 [http-nio-8080-exec-1] INFO  o.a.c.c.C.[Tomcat].[localhost].[/] - Initializing Spring DispatcherServlet 'dispatcherServlet'
29 июн. 2024 - 12:58:45.215 [http-nio-8080-exec-1] INFO  o.s.web.servlet.DispatcherServlet - Initializing Servlet 'dispatcherServlet'
29 июн. 2024 - 12:58:45.216 [http-nio-8080-exec-1] INFO  o.s.web.servlet.DispatcherServlet - Completed initialization in 1 ms
29 июн. 2024 - 13:02:12.700 [SpringApplicationShutdownHook] INFO  o.s.o.j.LocalContainerEntityManagerFactoryBean - Closing JPA EntityManagerFactory for persistence unit 'default'
29 июн. 2024 - 13:02:12.707 [SpringApplicationShutdownHook] INFO  com.zaxxer.hikari.HikariDataSource - HikariPool-1 - Shutdown initiated...
29 июн. 2024 - 13:02:12.719 [SpringApplicationShutdownHook] INFO  com.zaxxer.hikari.HikariDataSource - HikariPool-1 - Shutdown completed.
29 июн. 2024 - 13:03:55.071 [main] INFO  o.company.youtube.YoutubeApplication - Starting YoutubeApplication using Java 21.0.3 with PID 11972 (C:\Users\MSI\Desktop\Youtube\youtube\target\classes started by MSI in C:\Users\MSI\Desktop\Youtube\youtube)
29 июн. 2024 - 13:03:55.084 [main] INFO  o.company.youtube.YoutubeApplication - The following 1 profile is active: "local"
29 июн. 2024 - 13:03:55.829 [main] INFO  o.s.d.r.c.RepositoryConfigurationDelegate - Bootstrapping Spring Data JPA repositories in DEFAULT mode.
29 июн. 2024 - 13:03:55.875 [main] INFO  o.s.d.r.c.RepositoryConfigurationDelegate - Finished Spring Data repository scanning in 40 ms. Found 3 JPA repository interfaces.
29 июн. 2024 - 13:03:56.297 [main] INFO  o.s.b.w.e.tomcat.TomcatWebServer - Tomcat initialized with port 8080 (http)
29 июн. 2024 - 13:03:56.308 [main] INFO  o.a.catalina.core.StandardService - Starting service [Tomcat]
29 июн. 2024 - 13:03:56.309 [main] INFO  o.a.catalina.core.StandardEngine - Starting Servlet engine: [Apache Tomcat/10.1.25]
29 июн. 2024 - 13:03:56.365 [main] INFO  o.a.c.c.C.[Tomcat].[localhost].[/] - Initializing Spring embedded WebApplicationContext
29 июн. 2024 - 13:03:56.365 [main] INFO  o.s.b.w.s.c.ServletWebServerApplicationContext - Root WebApplicationContext: initialization completed in 1229 ms
29 июн. 2024 - 13:03:56.456 [main] INFO  o.h.jpa.internal.util.LogHelper - HHH000204: Processing PersistenceUnitInfo [name: default]
29 июн. 2024 - 13:03:56.524 [main] INFO  org.hibernate.Version - HHH000412: Hibernate ORM core version 6.5.2.Final
29 июн. 2024 - 13:03:56.565 [main] INFO  o.h.c.i.RegionFactoryInitiator - HHH000026: Second-level cache disabled
29 июн. 2024 - 13:03:56.847 [main] INFO  o.s.o.j.p.SpringPersistenceUnitInfo - No LoadTimeWeaver setup: ignoring JPA class transformer
29 июн. 2024 - 13:03:56.871 [main] INFO  com.zaxxer.hikari.HikariDataSource - HikariPool-1 - Starting...
29 июн. 2024 - 13:03:57.012 [main] INFO  com.zaxxer.hikari.pool.HikariPool - HikariPool-1 - Added connection org.postgresql.jdbc.PgConnection@43b6cb1c
29 июн. 2024 - 13:03:57.013 [main] INFO  com.zaxxer.hikari.HikariDataSource - HikariPool-1 - Start completed.
29 июн. 2024 - 13:03:57.884 [main] INFO  o.h.e.t.j.p.i.JtaPlatformInitiator - HHH000489: No JTA platform available (set 'hibernate.transaction.jta.platform' to enable JTA platform integration)
29 июн. 2024 - 13:03:57.941 [main] INFO  o.s.o.j.LocalContainerEntityManagerFactoryBean - Initialized JPA EntityManagerFactory for persistence unit 'default'
29 июн. 2024 - 13:03:58.100 [main] INFO  o.s.d.j.r.query.QueryEnhancerFactory - Hibernate is in classpath; If applicable, HQL parser will be used.
29 июн. 2024 - 13:03:58.558 [main] WARN  o.s.b.a.o.j.JpaBaseConfiguration$JpaWebConfiguration - spring.jpa.open-in-view is enabled by default. Therefore, database queries may be performed during view rendering. Explicitly configure spring.jpa.open-in-view to disable this warning
29 июн. 2024 - 13:03:58.580 [main] INFO  o.s.s.c.a.a.c.InitializeAuthenticationProviderBeanManagerConfigurer$InitializeAuthenticationProviderManagerConfigurer - Global AuthenticationManager configured with AuthenticationProvider bean with name authenticationProvider
29 июн. 2024 - 13:03:58.580 [main] WARN  o.s.s.c.a.a.c.InitializeUserDetailsBeanManagerConfigurer$InitializeUserDetailsManagerConfigurer - Global AuthenticationManager configured with an AuthenticationProvider bean. UserDetailsService beans will not be used for username/password login. Consider removing the AuthenticationProvider bean. Alternatively, consider using the UserDetailsService in a manually instantiated DaoAuthenticationProvider.
29 июн. 2024 - 13:03:59.020 [main] INFO  o.s.b.w.e.tomcat.TomcatWebServer - Tomcat started on port 8080 (http) with context path '/'
29 июн. 2024 - 13:03:59.026 [main] INFO  o.company.youtube.YoutubeApplication - Started YoutubeApplication in 4.317 seconds (process running for 4.912)
29 июн. 2024 - 13:04:30.156 [http-nio-8080-exec-1] INFO  o.a.c.c.C.[Tomcat].[localhost].[/] - Initializing Spring DispatcherServlet 'dispatcherServlet'
29 июн. 2024 - 13:04:30.156 [http-nio-8080-exec-1] INFO  o.s.web.servlet.DispatcherServlet - Initializing Servlet 'dispatcherServlet'
29 июн. 2024 - 13:04:30.157 [http-nio-8080-exec-1] INFO  o.s.web.servlet.DispatcherServlet - Completed initialization in 1 ms
29 июн. 2024 - 13:05:57.319 [SpringApplicationShutdownHook] INFO  o.s.o.j.LocalContainerEntityManagerFactoryBean - Closing JPA EntityManagerFactory for persistence unit 'default'
29 июн. 2024 - 13:05:57.322 [SpringApplicationShutdownHook] INFO  com.zaxxer.hikari.HikariDataSource - HikariPool-1 - Shutdown initiated...
29 июн. 2024 - 13:05:57.324 [SpringApplicationShutdownHook] INFO  com.zaxxer.hikari.HikariDataSource - HikariPool-1 - Shutdown completed.
29 июн. 2024 - 13:06:01.629 [main] INFO  o.company.youtube.YoutubeApplication - Starting YoutubeApplication using Java 21.0.3 with PID 5956 (C:\Users\MSI\Desktop\Youtube\youtube\target\classes started by MSI in C:\Users\MSI\Desktop\Youtube\youtube)
29 июн. 2024 - 13:06:01.646 [main] INFO  o.company.youtube.YoutubeApplication - The following 1 profile is active: "local"
29 июн. 2024 - 13:06:02.341 [main] INFO  o.s.d.r.c.RepositoryConfigurationDelegate - Bootstrapping Spring Data JPA repositories in DEFAULT mode.
29 июн. 2024 - 13:06:02.384 [main] INFO  o.s.d.r.c.RepositoryConfigurationDelegate - Finished Spring Data repository scanning in 38 ms. Found 3 JPA repository interfaces.
29 июн. 2024 - 13:06:02.764 [main] INFO  o.s.b.w.e.tomcat.TomcatWebServer - Tomcat initialized with port 8080 (http)
29 июн. 2024 - 13:06:02.774 [main] INFO  o.a.catalina.core.StandardService - Starting service [Tomcat]
29 июн. 2024 - 13:06:02.774 [main] INFO  o.a.catalina.core.StandardEngine - Starting Servlet engine: [Apache Tomcat/10.1.25]
29 июн. 2024 - 13:06:02.827 [main] INFO  o.a.c.c.C.[Tomcat].[localhost].[/] - Initializing Spring embedded WebApplicationContext
29 июн. 2024 - 13:06:02.827 [main] INFO  o.s.b.w.s.c.ServletWebServerApplicationContext - Root WebApplicationContext: initialization completed in 1144 ms
29 июн. 2024 - 13:06:02.907 [main] INFO  o.h.jpa.internal.util.LogHelper - HHH000204: Processing PersistenceUnitInfo [name: default]
29 июн. 2024 - 13:06:02.944 [main] INFO  org.hibernate.Version - HHH000412: Hibernate ORM core version 6.5.2.Final
29 июн. 2024 - 13:06:02.967 [main] INFO  o.h.c.i.RegionFactoryInitiator - HHH000026: Second-level cache disabled
29 июн. 2024 - 13:06:03.216 [main] INFO  o.s.o.j.p.SpringPersistenceUnitInfo - No LoadTimeWeaver setup: ignoring JPA class transformer
29 июн. 2024 - 13:06:03.238 [main] INFO  com.zaxxer.hikari.HikariDataSource - HikariPool-1 - Starting...
29 июн. 2024 - 13:06:03.349 [main] INFO  com.zaxxer.hikari.pool.HikariPool - HikariPool-1 - Added connection org.postgresql.jdbc.PgConnection@d1f23a0
29 июн. 2024 - 13:06:03.350 [main] INFO  com.zaxxer.hikari.HikariDataSource - HikariPool-1 - Start completed.
29 июн. 2024 - 13:06:04.101 [main] INFO  o.h.e.t.j.p.i.JtaPlatformInitiator - HHH000489: No JTA platform available (set 'hibernate.transaction.jta.platform' to enable JTA platform integration)
29 июн. 2024 - 13:06:04.164 [main] INFO  o.s.o.j.LocalContainerEntityManagerFactoryBean - Initialized JPA EntityManagerFactory for persistence unit 'default'
29 июн. 2024 - 13:06:04.398 [main] INFO  o.s.d.j.r.query.QueryEnhancerFactory - Hibernate is in classpath; If applicable, HQL parser will be used.
29 июн. 2024 - 13:06:04.824 [main] WARN  o.s.b.a.o.j.JpaBaseConfiguration$JpaWebConfiguration - spring.jpa.open-in-view is enabled by default. Therefore, database queries may be performed during view rendering. Explicitly configure spring.jpa.open-in-view to disable this warning
29 июн. 2024 - 13:06:04.854 [main] INFO  o.s.s.c.a.a.c.InitializeAuthenticationProviderBeanManagerConfigurer$InitializeAuthenticationProviderManagerConfigurer - Global AuthenticationManager configured with AuthenticationProvider bean with name authenticationProvider
29 июн. 2024 - 13:06:04.855 [main] WARN  o.s.s.c.a.a.c.InitializeUserDetailsBeanManagerConfigurer$InitializeUserDetailsManagerConfigurer - Global AuthenticationManager configured with an AuthenticationProvider bean. UserDetailsService beans will not be used for username/password login. Consider removing the AuthenticationProvider bean. Alternatively, consider using the UserDetailsService in a manually instantiated DaoAuthenticationProvider.
29 июн. 2024 - 13:06:05.315 [main] INFO  o.s.b.w.e.tomcat.TomcatWebServer - Tomcat started on port 8080 (http) with context path '/'
29 июн. 2024 - 13:06:05.322 [main] INFO  o.company.youtube.YoutubeApplication - Started YoutubeApplication in 4.117 seconds (process running for 4.804)
29 июн. 2024 - 13:08:16.181 [http-nio-8080-exec-1] INFO  o.a.c.c.C.[Tomcat].[localhost].[/] - Initializing Spring DispatcherServlet 'dispatcherServlet'
29 июн. 2024 - 13:08:16.181 [http-nio-8080-exec-1] INFO  o.s.web.servlet.DispatcherServlet - Initializing Servlet 'dispatcherServlet'
29 июн. 2024 - 13:08:16.183 [http-nio-8080-exec-1] INFO  o.s.web.servlet.DispatcherServlet - Completed initialization in 1 ms
29 июн. 2024 - 13:08:16.206 [http-nio-8080-exec-1] WARN  o.s.web.servlet.PageNotFound - Request method 'PUT' is not supported
29 июн. 2024 - 13:12:16.217 [SpringApplicationShutdownHook] INFO  o.s.o.j.LocalContainerEntityManagerFactoryBean - Closing JPA EntityManagerFactory for persistence unit 'default'
29 июн. 2024 - 13:12:16.220 [SpringApplicationShutdownHook] INFO  com.zaxxer.hikari.HikariDataSource - HikariPool-1 - Shutdown initiated...
29 июн. 2024 - 13:12:16.223 [SpringApplicationShutdownHook] INFO  com.zaxxer.hikari.HikariDataSource - HikariPool-1 - Shutdown completed.
29 июн. 2024 - 13:12:32.191 [main] INFO  o.company.youtube.YoutubeApplication - Starting YoutubeApplication using Java 21.0.3 with PID 10172 (C:\Users\MSI\Desktop\Youtube\youtube\target\classes started by MSI in C:\Users\MSI\Desktop\Youtube\youtube)
29 июн. 2024 - 13:12:32.210 [main] INFO  o.company.youtube.YoutubeApplication - The following 1 profile is active: "local"
29 июн. 2024 - 13:12:32.996 [main] INFO  o.s.d.r.c.RepositoryConfigurationDelegate - Bootstrapping Spring Data JPA repositories in DEFAULT mode.
29 июн. 2024 - 13:12:33.045 [main] INFO  o.s.d.r.c.RepositoryConfigurationDelegate - Finished Spring Data repository scanning in 44 ms. Found 3 JPA repository interfaces.
29 июн. 2024 - 13:12:33.523 [main] INFO  o.s.b.w.e.tomcat.TomcatWebServer - Tomcat initialized with port 8080 (http)
29 июн. 2024 - 13:12:33.533 [main] INFO  o.a.catalina.core.StandardService - Starting service [Tomcat]
29 июн. 2024 - 13:12:33.533 [main] INFO  o.a.catalina.core.StandardEngine - Starting Servlet engine: [Apache Tomcat/10.1.25]
29 июн. 2024 - 13:12:33.588 [main] INFO  o.a.c.c.C.[Tomcat].[localhost].[/] - Initializing Spring embedded WebApplicationContext
29 июн. 2024 - 13:12:33.588 [main] INFO  o.s.b.w.s.c.ServletWebServerApplicationContext - Root WebApplicationContext: initialization completed in 1340 ms
29 июн. 2024 - 13:12:33.681 [main] INFO  o.h.jpa.internal.util.LogHelper - HHH000204: Processing PersistenceUnitInfo [name: default]
29 июн. 2024 - 13:12:33.737 [main] INFO  org.hibernate.Version - HHH000412: Hibernate ORM core version 6.5.2.Final
29 июн. 2024 - 13:12:33.786 [main] INFO  o.h.c.i.RegionFactoryInitiator - HHH000026: Second-level cache disabled
29 июн. 2024 - 13:12:34.016 [main] INFO  o.s.o.j.p.SpringPersistenceUnitInfo - No LoadTimeWeaver setup: ignoring JPA class transformer
29 июн. 2024 - 13:12:34.037 [main] INFO  com.zaxxer.hikari.HikariDataSource - HikariPool-1 - Starting...
29 июн. 2024 - 13:12:34.153 [main] INFO  com.zaxxer.hikari.pool.HikariPool - HikariPool-1 - Added connection org.postgresql.jdbc.PgConnection@69d2fb0a
29 июн. 2024 - 13:12:34.154 [main] INFO  com.zaxxer.hikari.HikariDataSource - HikariPool-1 - Start completed.
29 июн. 2024 - 13:12:34.924 [main] INFO  o.h.e.t.j.p.i.JtaPlatformInitiator - HHH000489: No JTA platform available (set 'hibernate.transaction.jta.platform' to enable JTA platform integration)
29 июн. 2024 - 13:12:34.999 [main] INFO  o.s.o.j.LocalContainerEntityManagerFactoryBean - Initialized JPA EntityManagerFactory for persistence unit 'default'
29 июн. 2024 - 13:12:35.173 [main] INFO  o.s.d.j.r.query.QueryEnhancerFactory - Hibernate is in classpath; If applicable, HQL parser will be used.
29 июн. 2024 - 13:12:35.640 [main] WARN  o.s.b.a.o.j.JpaBaseConfiguration$JpaWebConfiguration - spring.jpa.open-in-view is enabled by default. Therefore, database queries may be performed during view rendering. Explicitly configure spring.jpa.open-in-view to disable this warning
29 июн. 2024 - 13:12:35.662 [main] INFO  o.s.s.c.a.a.c.InitializeAuthenticationProviderBeanManagerConfigurer$InitializeAuthenticationProviderManagerConfigurer - Global AuthenticationManager configured with AuthenticationProvider bean with name authenticationProvider
29 июн. 2024 - 13:12:35.663 [main] WARN  o.s.s.c.a.a.c.InitializeUserDetailsBeanManagerConfigurer$InitializeUserDetailsManagerConfigurer - Global AuthenticationManager configured with an AuthenticationProvider bean. UserDetailsService beans will not be used for username/password login. Consider removing the AuthenticationProvider bean. Alternatively, consider using the UserDetailsService in a manually instantiated DaoAuthenticationProvider.
29 июн. 2024 - 13:12:36.108 [main] INFO  o.s.b.w.e.tomcat.TomcatWebServer - Tomcat started on port 8080 (http) with context path '/'
29 июн. 2024 - 13:12:36.114 [main] INFO  o.company.youtube.YoutubeApplication - Started YoutubeApplication in 4.275 seconds (process running for 4.821)
29 июн. 2024 - 13:13:25.428 [http-nio-8080-exec-1] INFO  o.a.c.c.C.[Tomcat].[localhost].[/] - Initializing Spring DispatcherServlet 'dispatcherServlet'
29 июн. 2024 - 13:13:25.428 [http-nio-8080-exec-1] INFO  o.s.web.servlet.DispatcherServlet - Initializing Servlet 'dispatcherServlet'
29 июн. 2024 - 13:13:25.429 [http-nio-8080-exec-1] INFO  o.s.web.servlet.DispatcherServlet - Completed initialization in 1 ms
29 июн. 2024 - 13:15:29.111 [SpringApplicationShutdownHook] INFO  o.s.o.j.LocalContainerEntityManagerFactoryBean - Closing JPA EntityManagerFactory for persistence unit 'default'
29 июн. 2024 - 13:15:29.112 [SpringApplicationShutdownHook] INFO  com.zaxxer.hikari.HikariDataSource - HikariPool-1 - Shutdown initiated...
29 июн. 2024 - 13:15:29.114 [SpringApplicationShutdownHook] INFO  com.zaxxer.hikari.HikariDataSource - HikariPool-1 - Shutdown completed.
29 июн. 2024 - 13:17:08.582 [main] INFO  o.company.youtube.YoutubeApplication - Starting YoutubeApplication using Java 21.0.3 with PID 12360 (C:\Users\MSI\Desktop\Youtube\youtube\target\classes started by MSI in C:\Users\MSI\Desktop\Youtube\youtube)
29 июн. 2024 - 13:17:08.598 [main] INFO  o.company.youtube.YoutubeApplication - The following 1 profile is active: "local"
29 июн. 2024 - 13:17:09.327 [main] INFO  o.s.d.r.c.RepositoryConfigurationDelegate - Bootstrapping Spring Data JPA repositories in DEFAULT mode.
29 июн. 2024 - 13:17:09.374 [main] INFO  o.s.d.r.c.RepositoryConfigurationDelegate - Finished Spring Data repository scanning in 41 ms. Found 3 JPA repository interfaces.
29 июн. 2024 - 13:17:09.783 [main] INFO  o.s.b.w.e.tomcat.TomcatWebServer - Tomcat initialized with port 8080 (http)
29 июн. 2024 - 13:17:09.792 [main] INFO  o.a.catalina.core.StandardService - Starting service [Tomcat]
29 июн. 2024 - 13:17:09.792 [main] INFO  o.a.catalina.core.StandardEngine - Starting Servlet engine: [Apache Tomcat/10.1.25]
29 июн. 2024 - 13:17:09.850 [main] INFO  o.a.c.c.C.[Tomcat].[localhost].[/] - Initializing Spring embedded WebApplicationContext
29 июн. 2024 - 13:17:09.850 [main] INFO  o.s.b.w.s.c.ServletWebServerApplicationContext - Root WebApplicationContext: initialization completed in 1211 ms
29 июн. 2024 - 13:17:09.932 [main] INFO  o.h.jpa.internal.util.LogHelper - HHH000204: Processing PersistenceUnitInfo [name: default]
29 июн. 2024 - 13:17:09.971 [main] INFO  org.hibernate.Version - HHH000412: Hibernate ORM core version 6.5.2.Final
29 июн. 2024 - 13:17:10.008 [main] INFO  o.h.c.i.RegionFactoryInitiator - HHH000026: Second-level cache disabled
29 июн. 2024 - 13:17:10.239 [main] INFO  o.s.o.j.p.SpringPersistenceUnitInfo - No LoadTimeWeaver setup: ignoring JPA class transformer
29 июн. 2024 - 13:17:10.262 [main] INFO  com.zaxxer.hikari.HikariDataSource - HikariPool-1 - Starting...
29 июн. 2024 - 13:17:10.398 [main] INFO  com.zaxxer.hikari.pool.HikariPool - HikariPool-1 - Added connection org.postgresql.jdbc.PgConnection@1de08775
29 июн. 2024 - 13:17:10.399 [main] INFO  com.zaxxer.hikari.HikariDataSource - HikariPool-1 - Start completed.
29 июн. 2024 - 13:17:11.176 [main] INFO  o.h.e.t.j.p.i.JtaPlatformInitiator - HHH000489: No JTA platform available (set 'hibernate.transaction.jta.platform' to enable JTA platform integration)
29 июн. 2024 - 13:17:11.251 [main] INFO  o.s.o.j.LocalContainerEntityManagerFactoryBean - Initialized JPA EntityManagerFactory for persistence unit 'default'
29 июн. 2024 - 13:17:11.430 [main] INFO  o.s.d.j.r.query.QueryEnhancerFactory - Hibernate is in classpath; If applicable, HQL parser will be used.
29 июн. 2024 - 13:17:11.966 [main] WARN  o.s.b.a.o.j.JpaBaseConfiguration$JpaWebConfiguration - spring.jpa.open-in-view is enabled by default. Therefore, database queries may be performed during view rendering. Explicitly configure spring.jpa.open-in-view to disable this warning
29 июн. 2024 - 13:17:11.987 [main] INFO  o.s.s.c.a.a.c.InitializeAuthenticationProviderBeanManagerConfigurer$InitializeAuthenticationProviderManagerConfigurer - Global AuthenticationManager configured with AuthenticationProvider bean with name authenticationProvider
29 июн. 2024 - 13:17:11.988 [main] WARN  o.s.s.c.a.a.c.InitializeUserDetailsBeanManagerConfigurer$InitializeUserDetailsManagerConfigurer - Global AuthenticationManager configured with an AuthenticationProvider bean. UserDetailsService beans will not be used for username/password login. Consider removing the AuthenticationProvider bean. Alternatively, consider using the UserDetailsService in a manually instantiated DaoAuthenticationProvider.
29 июн. 2024 - 13:17:12.450 [main] INFO  o.s.b.w.e.tomcat.TomcatWebServer - Tomcat started on port 8080 (http) with context path '/'
29 июн. 2024 - 13:17:12.457 [main] INFO  o.company.youtube.YoutubeApplication - Started YoutubeApplication in 4.221 seconds (process running for 4.786)
29 июн. 2024 - 13:17:12.470 [SpringApplicationShutdownHook] INFO  o.s.o.j.LocalContainerEntityManagerFactoryBean - Closing JPA EntityManagerFactory for persistence unit 'default'
29 июн. 2024 - 13:17:12.472 [SpringApplicationShutdownHook] INFO  com.zaxxer.hikari.HikariDataSource - HikariPool-1 - Shutdown initiated...
29 июн. 2024 - 13:17:12.473 [SpringApplicationShutdownHook] INFO  com.zaxxer.hikari.HikariDataSource - HikariPool-1 - Shutdown completed.
29 июн. 2024 - 14:35:58.753 [main] INFO  o.company.youtube.YoutubeApplication - Starting YoutubeApplication using Java 21.0.3 with PID 6396 (C:\Users\MSI\Desktop\Youtube\youtube\target\classes started by MSI in C:\Users\MSI\Desktop\Youtube\youtube)
29 июн. 2024 - 14:35:58.772 [main] INFO  o.company.youtube.YoutubeApplication - The following 1 profile is active: "local"
29 июн. 2024 - 14:35:59.608 [main] INFO  o.s.d.r.c.RepositoryConfigurationDelegate - Bootstrapping Spring Data JPA repositories in DEFAULT mode.
29 июн. 2024 - 14:35:59.661 [main] INFO  o.s.d.r.c.RepositoryConfigurationDelegate - Finished Spring Data repository scanning in 47 ms. Found 3 JPA repository interfaces.
29 июн. 2024 - 14:36:00.122 [main] INFO  o.s.b.w.e.tomcat.TomcatWebServer - Tomcat initialized with port 8080 (http)
29 июн. 2024 - 14:36:00.134 [main] INFO  o.a.catalina.core.StandardService - Starting service [Tomcat]
29 июн. 2024 - 14:36:00.135 [main] INFO  o.a.catalina.core.StandardEngine - Starting Servlet engine: [Apache Tomcat/10.1.25]
29 июн. 2024 - 14:36:00.192 [main] INFO  o.a.c.c.C.[Tomcat].[localhost].[/] - Initializing Spring embedded WebApplicationContext
29 июн. 2024 - 14:36:00.192 [main] INFO  o.s.b.w.s.c.ServletWebServerApplicationContext - Root WebApplicationContext: initialization completed in 1355 ms
29 июн. 2024 - 14:36:00.285 [main] INFO  o.h.jpa.internal.util.LogHelper - HHH000204: Processing PersistenceUnitInfo [name: default]
29 июн. 2024 - 14:36:00.355 [main] INFO  org.hibernate.Version - HHH000412: Hibernate ORM core version 6.5.2.Final
29 июн. 2024 - 14:36:00.414 [main] INFO  o.h.c.i.RegionFactoryInitiator - HHH000026: Second-level cache disabled
29 июн. 2024 - 14:36:00.671 [main] INFO  o.s.o.j.p.SpringPersistenceUnitInfo - No LoadTimeWeaver setup: ignoring JPA class transformer
29 июн. 2024 - 14:36:00.696 [main] INFO  com.zaxxer.hikari.HikariDataSource - HikariPool-1 - Starting...
29 июн. 2024 - 14:36:00.832 [main] INFO  com.zaxxer.hikari.pool.HikariPool - HikariPool-1 - Added connection org.postgresql.jdbc.PgConnection@43b6cb1c
29 июн. 2024 - 14:36:00.833 [main] INFO  com.zaxxer.hikari.HikariDataSource - HikariPool-1 - Start completed.
29 июн. 2024 - 14:36:01.680 [main] INFO  o.h.e.t.j.p.i.JtaPlatformInitiator - HHH000489: No JTA platform available (set 'hibernate.transaction.jta.platform' to enable JTA platform integration)
29 июн. 2024 - 14:36:01.764 [main] INFO  o.s.o.j.LocalContainerEntityManagerFactoryBean - Initialized JPA EntityManagerFactory for persistence unit 'default'
29 июн. 2024 - 14:36:02.002 [main] INFO  o.s.d.j.r.query.QueryEnhancerFactory - Hibernate is in classpath; If applicable, HQL parser will be used.
29 июн. 2024 - 14:36:02.456 [main] WARN  o.s.b.a.o.j.JpaBaseConfiguration$JpaWebConfiguration - spring.jpa.open-in-view is enabled by default. Therefore, database queries may be performed during view rendering. Explicitly configure spring.jpa.open-in-view to disable this warning
29 июн. 2024 - 14:36:02.477 [main] INFO  o.s.s.c.a.a.c.InitializeAuthenticationProviderBeanManagerConfigurer$InitializeAuthenticationProviderManagerConfigurer - Global AuthenticationManager configured with AuthenticationProvider bean with name authenticationProvider
29 июн. 2024 - 14:36:02.478 [main] WARN  o.s.s.c.a.a.c.InitializeUserDetailsBeanManagerConfigurer$InitializeUserDetailsManagerConfigurer - Global AuthenticationManager configured with an AuthenticationProvider bean. UserDetailsService beans will not be used for username/password login. Consider removing the AuthenticationProvider bean. Alternatively, consider using the UserDetailsService in a manually instantiated DaoAuthenticationProvider.
29 июн. 2024 - 14:36:02.931 [main] INFO  o.s.b.w.e.tomcat.TomcatWebServer - Tomcat started on port 8080 (http) with context path '/'
29 июн. 2024 - 14:36:02.937 [main] INFO  o.company.youtube.YoutubeApplication - Started YoutubeApplication in 4.672 seconds (process running for 5.513)
29 июн. 2024 - 14:36:14.085 [http-nio-8080-exec-1] INFO  o.a.c.c.C.[Tomcat].[localhost].[/] - Initializing Spring DispatcherServlet 'dispatcherServlet'
29 июн. 2024 - 14:36:14.085 [http-nio-8080-exec-1] INFO  o.s.web.servlet.DispatcherServlet - Initializing Servlet 'dispatcherServlet'
29 июн. 2024 - 14:36:14.088 [http-nio-8080-exec-1] INFO  o.s.web.servlet.DispatcherServlet - Completed initialization in 3 ms
29 июн. 2024 - 14:36:48.764 [SpringApplicationShutdownHook] INFO  o.s.o.j.LocalContainerEntityManagerFactoryBean - Closing JPA EntityManagerFactory for persistence unit 'default'
29 июн. 2024 - 14:36:48.766 [SpringApplicationShutdownHook] INFO  com.zaxxer.hikari.HikariDataSource - HikariPool-1 - Shutdown initiated...
29 июн. 2024 - 14:36:48.767 [SpringApplicationShutdownHook] INFO  com.zaxxer.hikari.HikariDataSource - HikariPool-1 - Shutdown completed.
